DEBUG 2016-01-28 12:55:59.795 [main] Base path set to file:///C:/Users/rmbsk_000/team14/ums/UMS.conf
DEBUG 2016-01-28 12:55:59.940 [main] FileName set to UMS.conf
DEBUG 2016-01-28 12:55:59.940 [main] Base path set to C:\Users\rmbsk_000\team14\ums
DEBUG 2016-01-28 12:56:00.117 [main] Default logfile folder set to: C:\Users\rmbsk_000\team14\ums
DEBUG 2016-01-28 12:56:00.676 [main] LogBack started with configuration file: C:\Users\rmbsk_000\team14\ums\logback.xml
DEBUG 2016-01-28 12:56:00.715 [main] Thu Jan 28 12:56:00 EST 2016
DEBUG 2016-01-28 12:56:01.217 [main] Writing PID: 6188
DEBUG 2016-01-28 12:56:01.219 [main] 
INFO  2016-01-28 12:56:01.220 [main] Starting Universal Media Server 5.5.0
INFO  2016-01-28 12:56:01.222 [main] Based on PS3 Media Server by shagrath, copyright 2008-2014
INFO  2016-01-28 12:56:01.223 [main] http://www.universalmediaserver.com
INFO  2016-01-28 12:56:01.223 [main] 
INFO  2016-01-28 12:56:01.224 [main] Build: 05eff7734 (2016-01-06)
INFO  2016-01-28 12:56:01.225 [main] Java: Java HotSpot(TM) 64-Bit Server VM 1.8.0_40 64-bit by Oracle Corporation
INFO  2016-01-28 12:56:01.226 [main] OS: Windows 8.1 64-bit 6.3
INFO  2016-01-28 12:56:01.227 [main] Encoding: Cp1252
INFO  2016-01-28 12:56:01.228 [main] Memory: 885 MB
INFO  2016-01-28 12:56:01.366 [main] Language: English (United States)
INFO  2016-01-28 12:56:01.366 [main] 
INFO  2016-01-28 12:56:01.367 [main] Working directory: C:\Users\rmbsk_000\team14\ums
INFO  2016-01-28 12:56:01.425 [main] Temporary directory: C:\Users\RMBSK_~1\AppData\Local\Temp\UMS
INFO  2016-01-28 12:56:01.440 [main] Logging configuration file: C:\Users\rmbsk_000\team14\ums\logback.xml
INFO  2016-01-28 12:56:01.444 [main] Logfile: C:\Users\rmbsk_000\team14\ums\debug.log
INFO  2016-01-28 12:56:01.447 [main] 
INFO  2016-01-28 12:56:01.450 [main] Profile directory: C:\Users\rmbsk_000\team14\ums\
INFO  2016-01-28 12:56:01.466 [main] Profile directory permissions: drwx
INFO  2016-01-28 12:56:01.468 [main] Profile configuration file: C:\Users\rmbsk_000\team14\ums\UMS.conf
INFO  2016-01-28 12:56:01.490 [main] Profile configuration file permissions: -rwx
INFO  2016-01-28 12:56:01.497 [main] Profile name: detrimenteagle
INFO  2016-01-28 12:56:01.502 [main] 
DEBUG 2016-01-28 12:56:01.511 [main] Reading web_conf: "C:\Users\rmbsk_000\team14\ums\WEB.conf" (previous: null, default: "C:\Users\rmbsk_000\team14\ums\WEB.conf")
INFO  2016-01-28 12:56:01.512 [main] Web configuration file: C:\Users\rmbsk_000\team14\ums\WEB.conf
WARN  2016-01-28 12:56:01.516 [main] Web configuration file not found: File "C:\Users\rmbsk_000\team14\ums\WEB.conf" not found
INFO  2016-01-28 12:56:01.521 [main] 
DEBUG 2016-01-28 12:56:01.625 [main] Reading run_wizard: false (default: true)
DEBUG 2016-01-28 12:56:04.933 [main] Reading minimized: true (default: false)
DEBUG 2016-01-28 12:56:17.633 [main] Reading folders: "Music" (default: "")
INFO  2016-01-28 12:56:17.635 [main] Checking shared folder: Music
DEBUG 2016-01-28 12:56:19.106 [main] Reading cred.path: null (previous: "", default: null)
DEBUG 2016-01-28 12:56:19.216 [main] Checking dbgpack property in UMS.conf
DEBUG 2016-01-28 12:56:19.267 [main] adding C:\Users\rmbsk_000\team14\ums\WEB.conf
DEBUG 2016-01-28 12:56:19.268 [main] adding C:\Users\rmbsk_000\team14\ums\UMS.conf
DEBUG 2016-01-28 12:56:19.268 [main] adding C:\Users\rmbsk_000\team14\ums\debug.log.prev
DEBUG 2016-01-28 12:56:19.269 [main] adding C:\Users\rmbsk_000\team14\ums\debug.log
INFO  2016-01-28 12:56:19.285 [main] Loading MediaInfo library
ERROR 2016-01-28 12:56:19.385 [main] Error loading MediaInfo library: Unable to load library 'mediainfo64': Native library (win32-x86-64/mediainfo64.dll) not found in resource path ([file:/C:/Users/rmbsk_000/team14/ums/ums.jar])
INFO  2016-01-28 12:56:19.392 [main] The server will now use the less accurate FFmpeg parsing method
INFO  2016-01-28 12:56:19.404 [main] Loading renderer configurations from C:\Users\rmbsk_000\team14\ums\renderers
DEBUG 2016-01-28 12:56:19.472 [main] Added file watch at renderers: renderers\\AnyCast.conf
DEBUG 2016-01-28 12:56:19.488 [main] Added file watch at renderers: renderers\\Apple-iDevice-AirPlayer.conf
DEBUG 2016-01-28 12:56:19.509 [main] Added file watch at renderers: renderers\\Apple-iDevice-VLC.conf
DEBUG 2016-01-28 12:56:19.518 [main] Added file watch at renderers: renderers\\Apple-iDevice.conf
DEBUG 2016-01-28 12:56:19.536 [main] Added file watch at renderers: renderers\\BlackBerry-PlayBook-KalemSoftMP.conf
DEBUG 2016-01-28 12:56:19.551 [main] Added file watch at renderers: renderers\\CambridgeAudio-AzurBD.conf
DEBUG 2016-01-28 12:56:19.573 [main] Added file watch at renderers: renderers\\DefaultRenderer.conf
DEBUG 2016-01-28 12:56:19.587 [main] Added file watch at renderers: renderers\\DirecTV.conf
DEBUG 2016-01-28 12:56:19.595 [main] Added file watch at renderers: renderers\\DLink-DSM510.conf
DEBUG 2016-01-28 12:56:19.601 [main] Added file watch at renderers: renderers\\Free-Freebox.conf
DEBUG 2016-01-28 12:56:19.607 [main] Added file watch at renderers: renderers\\Freecom-MusicPal.conf
DEBUG 2016-01-28 12:56:19.617 [main] Added file watch at renderers: renderers\\Google-Android-Chromecast.conf
DEBUG 2016-01-28 12:56:19.623 [main] Added file watch at renderers: renderers\\Google-Android.conf
DEBUG 2016-01-28 12:56:19.635 [main] Added file watch at renderers: renderers\\Hama-IR320.conf
DEBUG 2016-01-28 12:56:19.646 [main] Added file watch at renderers: renderers\\Hisense-K680.conf
DEBUG 2016-01-28 12:56:19.678 [main] Added file watch at renderers: renderers\\Kodi.conf
DEBUG 2016-01-28 12:56:19.694 [main] Added file watch at renderers: renderers\\LG-LA6200.conf
DEBUG 2016-01-28 12:56:19.708 [main] Added file watch at renderers: renderers\\LG-LA644V.conf
DEBUG 2016-01-28 12:56:19.717 [main] Added file watch at renderers: renderers\\LG-LB.conf
DEBUG 2016-01-28 12:56:19.732 [main] Added file watch at renderers: renderers\\LG-LM620.conf
DEBUG 2016-01-28 12:56:19.747 [main] Added file watch at renderers: renderers\\LG-LM660.conf
DEBUG 2016-01-28 12:56:19.764 [main] Added file watch at renderers: renderers\\LG-LS5700.conf
DEBUG 2016-01-28 12:56:19.772 [main] Added file watch at renderers: renderers\\LG-ST600.conf
DEBUG 2016-01-28 12:56:19.788 [main] Added file watch at renderers: renderers\\LG-UB820V.conf
DEBUG 2016-01-28 12:56:19.799 [main] Added file watch at renderers: renderers\\LG-WebOS.conf
DEBUG 2016-01-28 12:56:19.817 [main] Added file watch at renderers: renderers\\Logitech-Squeezebox.conf
DEBUG 2016-01-28 12:56:19.834 [main] Added file watch at renderers: renderers\\Microsoft-WindowsMediaPlayer.conf
DEBUG 2016-01-28 12:56:19.844 [main] Added file watch at renderers: renderers\\Microsoft-Xbox360.conf
DEBUG 2016-01-28 12:56:19.864 [main] Added file watch at renderers: renderers\\Microsoft-XboxOne.conf
DEBUG 2016-01-28 12:56:19.880 [main] Added file watch at renderers: renderers\\Miracast-M806.conf
DEBUG 2016-01-28 12:56:19.890 [main] Added file watch at renderers: renderers\\Netgear-NeoTV.conf
DEBUG 2016-01-28 12:56:19.897 [main] Added file watch at renderers: renderers\\Netgem-N7700.conf
DEBUG 2016-01-28 12:56:19.912 [main] Added file watch at renderers: renderers\\Nokia-N900.conf
DEBUG 2016-01-28 12:56:19.916 [main] Added file watch at renderers: renderers\\Onkyo-TXNR717.conf
DEBUG 2016-01-28 12:56:19.921 [main] Added file watch at renderers: renderers\\OPPO-BDP.conf
DEBUG 2016-01-28 12:56:19.925 [main] Added file watch at renderers: renderers\\OPPO-BDP83.conf
DEBUG 2016-01-28 12:56:19.931 [main] Added file watch at renderers: renderers\\Panasonic-DMPBDT.conf
DEBUG 2016-01-28 12:56:19.937 [main] Added file watch at renderers: renderers\\Panasonic-DMPBDT220.conf
DEBUG 2016-01-28 12:56:19.957 [main] Added file watch at renderers: renderers\\Panasonic-DMPBDT360.conf
DEBUG 2016-01-28 12:56:19.964 [main] Added file watch at renderers: renderers\\Panasonic-SCBTT.conf
DEBUG 2016-01-28 12:56:19.970 [main] Added file watch at renderers: renderers\\Panasonic-Viera.conf
DEBUG 2016-01-28 12:56:19.978 [main] Added file watch at renderers: renderers\\Panasonic-VieraAS600E.conf
DEBUG 2016-01-28 12:56:19.984 [main] Added file watch at renderers: renderers\\Panasonic-VieraAS650.conf
DEBUG 2016-01-28 12:56:19.990 [main] Added file watch at renderers: renderers\\Panasonic-VieraET60.conf
DEBUG 2016-01-28 12:56:20.007 [main] Added file watch at renderers: renderers\\Panasonic-VieraS60.conf
DEBUG 2016-01-28 12:56:20.013 [main] Added file watch at renderers: renderers\\Panasonic-VieraTHPU30Z.conf
DEBUG 2016-01-28 12:56:20.019 [main] Added file watch at renderers: renderers\\Panasonic-VieraTXL32V10E.conf
DEBUG 2016-01-28 12:56:20.025 [main] Added file watch at renderers: renderers\\Panasonic-VieraVT60.conf
DEBUG 2016-01-28 12:56:20.030 [main] Added file watch at renderers: renderers\\Philips-AureaAndNetTV.conf
DEBUG 2016-01-28 12:56:20.061 [main] Added file watch at renderers: renderers\\Philips-PFL.conf
DEBUG 2016-01-28 12:56:20.067 [main] Added file watch at renderers: renderers\\Philips-Streamium.conf
DEBUG 2016-01-28 12:56:20.072 [main] Added file watch at renderers: renderers\\Pioneer-Kuro.conf
DEBUG 2016-01-28 12:56:20.076 [main] Added file watch at renderers: renderers\\PopcornHour.conf
DEBUG 2016-01-28 12:56:20.081 [main] Added file watch at renderers: renderers\\Realtek.conf
DEBUG 2016-01-28 12:56:20.087 [main] Added file watch at renderers: renderers\\Roku-Roku3-3.conf
DEBUG 2016-01-28 12:56:20.092 [main] Added file watch at renderers: renderers\\Roku-Roku3-5.conf
DEBUG 2016-01-28 12:56:20.114 [main] Added file watch at renderers: renderers\\Samsung-BDC6800.conf
DEBUG 2016-01-28 12:56:20.121 [main] Added file watch at renderers: renderers\\Samsung-BDH6500.conf
DEBUG 2016-01-28 12:56:20.126 [main] Added file watch at renderers: renderers\\Samsung-C6600.conf
DEBUG 2016-01-28 12:56:20.135 [main] Added file watch at renderers: renderers\\Samsung-CD.conf
DEBUG 2016-01-28 12:56:20.141 [main] Added file watch at renderers: renderers\\Samsung-D6400.conf
DEBUG 2016-01-28 12:56:20.147 [main] Added file watch at renderers: renderers\\Samsung-D7000.conf
DEBUG 2016-01-28 12:56:20.162 [main] Added file watch at renderers: renderers\\Samsung-EH5300.conf
DEBUG 2016-01-28 12:56:20.169 [main] Added file watch at renderers: renderers\\Samsung-EH6070.conf
DEBUG 2016-01-28 12:56:20.182 [main] Added file watch at renderers: renderers\\Samsung-ES6100.conf
DEBUG 2016-01-28 12:56:20.187 [main] Added file watch at renderers: renderers\\Samsung-ES6575.conf
DEBUG 2016-01-28 12:56:20.193 [main] Added file watch at renderers: renderers\\Samsung-ES8000.conf
DEBUG 2016-01-28 12:56:20.203 [main] Added file watch at renderers: renderers\\Samsung-ES8005.conf
DEBUG 2016-01-28 12:56:20.206 [main] Added file watch at renderers: renderers\\Samsung-F5100.conf
DEBUG 2016-01-28 12:56:20.211 [main] Added file watch at renderers: renderers\\Samsung-F5505.conf
DEBUG 2016-01-28 12:56:20.223 [main] Added file watch at renderers: renderers\\Samsung-F5900.conf
DEBUG 2016-01-28 12:56:20.240 [main] Added file watch at renderers: renderers\\Samsung-GalaxyS5.conf
DEBUG 2016-01-28 12:56:20.251 [main] Added file watch at renderers: renderers\\Samsung-H4500.conf
DEBUG 2016-01-28 12:56:20.268 [main] Added file watch at renderers: renderers\\Samsung-H6203.conf
DEBUG 2016-01-28 12:56:20.297 [main] Added file watch at renderers: renderers\\Samsung-H6400.conf
DEBUG 2016-01-28 12:56:20.305 [main] Added file watch at renderers: renderers\\Samsung-HTE3.conf
DEBUG 2016-01-28 12:56:20.320 [main] Added file watch at renderers: renderers\\Samsung-HTF4.conf
DEBUG 2016-01-28 12:56:20.345 [main] Added file watch at renderers: renderers\\Samsung-HU7000.conf
DEBUG 2016-01-28 12:56:20.361 [main] Added file watch at renderers: renderers\\Samsung-HU9000.conf
DEBUG 2016-01-28 12:56:20.375 [main] Added file watch at renderers: renderers\\Samsung-J55xx.conf
DEBUG 2016-01-28 12:56:20.380 [main] Added file watch at renderers: renderers\\Samsung-JU6400.conf
DEBUG 2016-01-28 12:56:20.394 [main] Added file watch at renderers: renderers\\Samsung-Mobile.conf
DEBUG 2016-01-28 12:56:20.426 [main] Added file watch at renderers: renderers\\Samsung-NotCD.conf
DEBUG 2016-01-28 12:56:20.439 [main] Added file watch at renderers: renderers\\Samsung-SMTG7400.conf
DEBUG 2016-01-28 12:56:20.449 [main] Added file watch at renderers: renderers\\Samsung-WiseLink.conf
DEBUG 2016-01-28 12:56:20.459 [main] Added file watch at renderers: renderers\\Sharp-Aquos.conf
DEBUG 2016-01-28 12:56:20.475 [main] Added file watch at renderers: renderers\\Showtime3.conf
DEBUG 2016-01-28 12:56:20.489 [main] Added file watch at renderers: renderers\\Showtime4.conf
DEBUG 2016-01-28 12:56:20.512 [main] Added file watch at renderers: renderers\\Sony-Bluray.conf
DEBUG 2016-01-28 12:56:20.534 [main] Added file watch at renderers: renderers\\Sony-Bluray2013.conf
DEBUG 2016-01-28 12:56:20.554 [main] Added file watch at renderers: renderers\\Sony-Bravia4500.conf
DEBUG 2016-01-28 12:56:20.566 [main] Added file watch at renderers: renderers\\Sony-Bravia5500.conf
DEBUG 2016-01-28 12:56:20.576 [main] Added file watch at renderers: renderers\\Sony-BraviaBX305.conf
DEBUG 2016-01-28 12:56:20.590 [main] Added file watch at renderers: renderers\\Sony-BraviaEX.conf
DEBUG 2016-01-28 12:56:20.604 [main] Added file watch at renderers: renderers\\Sony-BraviaEX620.conf
DEBUG 2016-01-28 12:56:20.619 [main] Added file watch at renderers: renderers\\Sony-BraviaHX.conf
DEBUG 2016-01-28 12:56:20.648 [main] Added file watch at renderers: renderers\\Sony-BraviaHX75.conf
DEBUG 2016-01-28 12:56:20.661 [main] Added file watch at renderers: renderers\\Sony-BraviaNX70x.conf
DEBUG 2016-01-28 12:56:20.676 [main] Added file watch at renderers: renderers\\Sony-BraviaNX800.conf
DEBUG 2016-01-28 12:56:20.700 [main] Added file watch at renderers: renderers\\Sony-BraviaW.conf
DEBUG 2016-01-28 12:56:20.714 [main] Added file watch at renderers: renderers\\Sony-BraviaXBR.conf
DEBUG 2016-01-28 12:56:20.741 [main] Added file watch at renderers: renderers\\Sony-HomeTheatreSystem.conf
DEBUG 2016-01-28 12:56:20.755 [main] Added file watch at renderers: renderers\\Sony-PlayStation3.conf
DEBUG 2016-01-28 12:56:20.768 [main] Added file watch at renderers: renderers\\Sony-PlayStation4.conf
DEBUG 2016-01-28 12:56:20.788 [main] Added file watch at renderers: renderers\\Sony-PlayStationVita.conf
DEBUG 2016-01-28 12:56:20.808 [main] Added file watch at renderers: renderers\\Sony-SMPN100.conf
DEBUG 2016-01-28 12:56:20.819 [main] Added file watch at renderers: renderers\\Sony-STR5800ES.conf
DEBUG 2016-01-28 12:56:20.836 [main] Added file watch at renderers: renderers\\Sony-Xperia.conf
DEBUG 2016-01-28 12:56:20.851 [main] Added file watch at renderers: renderers\\Sony-XperiaZ3.conf
DEBUG 2016-01-28 12:56:20.876 [main] Added file watch at renderers: renderers\\Technisat-S1Plus.conf
DEBUG 2016-01-28 12:56:20.895 [main] Added file watch at renderers: renderers\\Telefunken-TV.conf
DEBUG 2016-01-28 12:56:20.905 [main] Added file watch at renderers: renderers\\Telstra-Tbox.conf
DEBUG 2016-01-28 12:56:20.915 [main] Added file watch at renderers: renderers\\Thomson-U3.conf
DEBUG 2016-01-28 12:56:20.926 [main] Added file watch at renderers: renderers\\VideoWeb-VideoWebTV.conf
DEBUG 2016-01-28 12:56:20.943 [main] Added file watch at renderers: renderers\\Vizio-SmartTV.conf
DEBUG 2016-01-28 12:56:20.964 [main] Added file watch at renderers: renderers\\WesternDigital-WDTVLive.conf
DEBUG 2016-01-28 12:56:20.975 [main] Added file watch at renderers: renderers\\XBMC.conf
DEBUG 2016-01-28 12:56:20.988 [main] Added file watch at renderers: renderers\\Yamaha-RN500.conf
DEBUG 2016-01-28 12:56:20.997 [main] Added file watch at renderers: renderers\\Yamaha-RXA1010.conf
DEBUG 2016-01-28 12:56:21.003 [main] Added file watch at renderers: renderers\\Yamaha-RXV3900.conf
DEBUG 2016-01-28 12:56:21.009 [main] Added file watch at renderers: renderers\\Yamaha-RXV671.conf
INFO  2016-01-28 12:56:21.010 [main] Enabled 121 configurations, listed in order of loading priority:
INFO  2016-01-28 12:56:21.016 [main] :   Panasonic AS600
INFO  2016-01-28 12:56:21.019 [main] :   Panasonic AS650
INFO  2016-01-28 12:56:21.022 [main] :   Panasonic BDT220
INFO  2016-01-28 12:56:21.027 [main] :   Panasonic BDT360
INFO  2016-01-28 12:56:21.029 [main] :   Panasonic ET60
INFO  2016-01-28 12:56:21.032 [main] :   Panasonic Home Theater (SC-BTT)
INFO  2016-01-28 12:56:21.035 [main] :   Panasonic S60
INFO  2016-01-28 12:56:21.039 [main] :   Panasonic VT60
INFO  2016-01-28 12:56:21.045 [main] :   Sony Blu-ray (2013)
INFO  2016-01-28 12:56:21.049 [main] :   Xperia Z3
INFO  2016-01-28 12:56:21.058 [main] :   Chromecast
INFO  2016-01-28 12:56:21.062 [main] :   Hisense K680
INFO  2016-01-28 12:56:21.066 [main] :   LG LCD TV (2014)
INFO  2016-01-28 12:56:21.071 [main] :   LG LM660
INFO  2016-01-28 12:56:21.073 [main] :   LG LS5700
INFO  2016-01-28 12:56:21.077 [main] :   LG UB820V
INFO  2016-01-28 12:56:21.081 [main] :   LG WebOS TV
INFO  2016-01-28 12:56:21.084 [main] :   Panasonic TV
INFO  2016-01-28 12:56:21.086 [main] :   Samsung BD-C6800
INFO  2016-01-28 12:56:21.089 [main] :   Samsung D6400
INFO  2016-01-28 12:56:21.093 [main] :   Samsung D7000
INFO  2016-01-28 12:56:21.095 [main] :   Samsung EH5300
INFO  2016-01-28 12:56:21.097 [main] :   Samsung EH6070
INFO  2016-01-28 12:56:21.100 [main] :   Samsung ES6100
INFO  2016-01-28 12:56:21.102 [main] :   Samsung ES6575
INFO  2016-01-28 12:56:21.103 [main] :   Samsung ES8000
INFO  2016-01-28 12:56:21.106 [main] :   Samsung ES8005
INFO  2016-01-28 12:56:21.110 [main] :   Samsung F5100
INFO  2016-01-28 12:56:21.112 [main] :   Samsung F5505
INFO  2016-01-28 12:56:21.114 [main] :   Samsung F5900
INFO  2016-01-28 12:56:21.116 [main] :   Samsung H4500
INFO  2016-01-28 12:56:21.119 [main] :   Samsung H6203
INFO  2016-01-28 12:56:21.121 [main] :   Samsung H6400
INFO  2016-01-28 12:56:21.122 [main] :   Samsung H6500
INFO  2016-01-28 12:56:21.125 [main] :   Samsung HT-E3 Series
INFO  2016-01-28 12:56:21.127 [main] :   Samsung HT-F4
INFO  2016-01-28 12:56:21.129 [main] :   Samsung HU7000
INFO  2016-01-28 12:56:21.131 [main] :   Samsung HU9000
INFO  2016-01-28 12:56:21.133 [main] :   Samsung J55xx Series
INFO  2016-01-28 12:56:21.136 [main] :   Samsung JU6400
INFO  2016-01-28 12:56:21.139 [main] :   VLC for iOS
INFO  2016-01-28 12:56:21.142 [main] :   Xbox One
INFO  2016-01-28 12:56:21.145 [main] :   AirPlayer
INFO  2016-01-28 12:56:21.149 [main] :   Android
INFO  2016-01-28 12:56:21.151 [main] :   AnyCast
INFO  2016-01-28 12:56:21.154 [main] :   Apple iPad / iPhone
INFO  2016-01-28 12:56:21.156 [main] :   Azur BD
INFO  2016-01-28 12:56:21.160 [main] :   BRAVIA KDL-xxNX800
INFO  2016-01-28 12:56:21.162 [main] :   D-Link DSM-510
INFO  2016-01-28 12:56:21.163 [main] :   DirecTV
INFO  2016-01-28 12:56:21.165 [main] :   Freebox
INFO  2016-01-28 12:56:21.167 [main] :   Freecom MusicPal
INFO  2016-01-28 12:56:21.169 [main] :   Hama IR320
INFO  2016-01-28 12:56:21.171 [main] :   KalemSoft Media Player
INFO  2016-01-28 12:56:21.172 [main] :   Kodi
INFO  2016-01-28 12:56:21.175 [main] :   LG LA6200
INFO  2016-01-28 12:56:21.177 [main] :   LG LA644V
INFO  2016-01-28 12:56:21.179 [main] :   LG LM620
INFO  2016-01-28 12:56:21.181 [main] :   LG Smart TV Upgrader
INFO  2016-01-28 12:56:21.182 [main] :   Logitech Squeezebox
INFO  2016-01-28 12:56:21.186 [main] :   Miracast M806
INFO  2016-01-28 12:56:21.187 [main] :   Netgear NeoTV
INFO  2016-01-28 12:56:21.189 [main] :   Netgem N7700
INFO  2016-01-28 12:56:21.191 [main] :   Nokia N900
INFO  2016-01-28 12:56:21.193 [main] :   Onkyo TX-NR717
INFO  2016-01-28 12:56:21.195 [main] :   OPPO BDP
INFO  2016-01-28 12:56:21.196 [main] :   OPPO BDP-83
INFO  2016-01-28 12:56:21.198 [main] :   Panasonic BDT
INFO  2016-01-28 12:56:21.199 [main] :   Panasonic TX-L32V10E
INFO  2016-01-28 12:56:21.201 [main] :   Panasonic U30Z
INFO  2016-01-28 12:56:21.203 [main] :   Philips Aurea
INFO  2016-01-28 12:56:21.204 [main] :   Philips TV
INFO  2016-01-28 12:56:21.206 [main] :   Pioneer Kuro
INFO  2016-01-28 12:56:21.209 [main] :   PlayStation 3
INFO  2016-01-28 12:56:21.210 [main] :   PlayStation 4
INFO  2016-01-28 12:56:21.212 [main] :   PlayStation Vita
INFO  2016-01-28 12:56:21.214 [main] :   Popcorn Hour
INFO  2016-01-28 12:56:21.216 [main] :   Realtek
INFO  2016-01-28 12:56:21.217 [main] :   Roku 3 (NSP 3)
INFO  2016-01-28 12:56:21.219 [main] :   Roku 3 (NSP 5)
INFO  2016-01-28 12:56:21.221 [main] :   Samsung C/D Series
INFO  2016-01-28 12:56:21.222 [main] :   Samsung C6600
INFO  2016-01-28 12:56:21.225 [main] :   Samsung E+ Series
INFO  2016-01-28 12:56:21.229 [main] :   Samsung Galaxy S5
INFO  2016-01-28 12:56:21.230 [main] :   Samsung Mobile
INFO  2016-01-28 12:56:21.232 [main] :   Samsung SMT-G7400
INFO  2016-01-28 12:56:21.233 [main] :   Samsung WiseLink
INFO  2016-01-28 12:56:21.236 [main] :   Sharp Aquos
INFO  2016-01-28 12:56:21.237 [main] :   Showtime 3
INFO  2016-01-28 12:56:21.239 [main] :   Showtime 4
INFO  2016-01-28 12:56:21.241 [main] :   Sony Blu-ray
INFO  2016-01-28 12:56:21.243 [main] :   Sony Bravia 4500
INFO  2016-01-28 12:56:21.245 [main] :   Sony Bravia 5500
INFO  2016-01-28 12:56:21.247 [main] :   Sony Bravia BX305
INFO  2016-01-28 12:56:21.249 [main] :   Sony Bravia EX
INFO  2016-01-28 12:56:21.251 [main] :   Sony Bravia EX620
INFO  2016-01-28 12:56:21.254 [main] :   Sony Bravia HX
INFO  2016-01-28 12:56:21.256 [main] :   Sony Bravia HX75
INFO  2016-01-28 12:56:21.261 [main] :   Sony Bravia NX70x
INFO  2016-01-28 12:56:21.262 [main] :   Sony Bravia W
INFO  2016-01-28 12:56:21.264 [main] :   Sony Bravia XBR
INFO  2016-01-28 12:56:21.266 [main] :   Sony Home Theatre System
INFO  2016-01-28 12:56:21.268 [main] :   Sony SMP-N100
INFO  2016-01-28 12:56:21.270 [main] :   Sony STR-DA5800ES
INFO  2016-01-28 12:56:21.271 [main] :   Sony Xperia Z/ZL/ZQ/Z1/Z2
INFO  2016-01-28 12:56:21.277 [main] :   Streamium
INFO  2016-01-28 12:56:21.278 [main] :   Technisat S1+
INFO  2016-01-28 12:56:21.280 [main] :   Telefunken TV
INFO  2016-01-28 12:56:21.281 [main] :   Telstra T-Box
INFO  2016-01-28 12:56:21.283 [main] :   Thomson U3 Series
INFO  2016-01-28 12:56:21.284 [main] :   Unknown renderer
INFO  2016-01-28 12:56:21.286 [main] :   VideoWeb TV
INFO  2016-01-28 12:56:21.287 [main] :   Vizio Smart TV
INFO  2016-01-28 12:56:21.288 [main] :   WD TV Live
INFO  2016-01-28 12:56:21.290 [main] :   WMP
INFO  2016-01-28 12:56:21.293 [main] :   XBMC
INFO  2016-01-28 12:56:21.294 [main] :   Xbox 360
INFO  2016-01-28 12:56:21.296 [main] :   Yamaha R-N500
INFO  2016-01-28 12:56:21.300 [main] :   Yamaha RX-A1010
INFO  2016-01-28 12:56:21.302 [main] :   Yamaha RX-V3900
INFO  2016-01-28 12:56:21.304 [main] :   Yamaha RX-V671
INFO  2016-01-28 12:56:21.312 [main] Loading device configurations from C:\Users\rmbsk_000\team14\ums\renderers
DEBUG 2016-01-28 12:56:21.321 [main] Added file watch at C:\Users\rmbsk_000\team14\ums\renderers: C:\\Users\\rmbsk_000\\team14\\ums\\renderers\\AnyCast.conf
DEBUG 2016-01-28 12:56:21.326 [main] Added file watch at C:\Users\rmbsk_000\team14\ums\renderers: C:\\Users\\rmbsk_000\\team14\\ums\\renderers\\Apple-iDevice-AirPlayer.conf
DEBUG 2016-01-28 12:56:21.331 [main] Added file watch at C:\Users\rmbsk_000\team14\ums\renderers: C:\\Users\\rmbsk_000\\team14\\ums\\renderers\\Apple-iDevice-VLC.conf
DEBUG 2016-01-28 12:56:21.335 [main] Added file watch at C:\Users\rmbsk_000\team14\ums\renderers: C:\\Users\\rmbsk_000\\team14\\ums\\renderers\\Apple-iDevice.conf
DEBUG 2016-01-28 12:56:21.340 [main] Added file watch at C:\Users\rmbsk_000\team14\ums\renderers: C:\\Users\\rmbsk_000\\team14\\ums\\renderers\\BlackBerry-PlayBook-KalemSoftMP.conf
DEBUG 2016-01-28 12:56:21.344 [main] Added file watch at C:\Users\rmbsk_000\team14\ums\renderers: C:\\Users\\rmbsk_000\\team14\\ums\\renderers\\CambridgeAudio-AzurBD.conf
DEBUG 2016-01-28 12:56:21.353 [main] Added file watch at C:\Users\rmbsk_000\team14\ums\renderers: C:\\Users\\rmbsk_000\\team14\\ums\\renderers\\DefaultRenderer.conf
DEBUG 2016-01-28 12:56:21.357 [main] Added file watch at C:\Users\rmbsk_000\team14\ums\renderers: C:\\Users\\rmbsk_000\\team14\\ums\\renderers\\DirecTV.conf
DEBUG 2016-01-28 12:56:21.361 [main] Added file watch at C:\Users\rmbsk_000\team14\ums\renderers: C:\\Users\\rmbsk_000\\team14\\ums\\renderers\\DLink-DSM510.conf
DEBUG 2016-01-28 12:56:21.365 [main] Added file watch at C:\Users\rmbsk_000\team14\ums\renderers: C:\\Users\\rmbsk_000\\team14\\ums\\renderers\\Free-Freebox.conf
DEBUG 2016-01-28 12:56:21.369 [main] Added file watch at C:\Users\rmbsk_000\team14\ums\renderers: C:\\Users\\rmbsk_000\\team14\\ums\\renderers\\Freecom-MusicPal.conf
DEBUG 2016-01-28 12:56:21.373 [main] Added file watch at C:\Users\rmbsk_000\team14\ums\renderers: C:\\Users\\rmbsk_000\\team14\\ums\\renderers\\Google-Android-Chromecast.conf
DEBUG 2016-01-28 12:56:21.378 [main] Added file watch at C:\Users\rmbsk_000\team14\ums\renderers: C:\\Users\\rmbsk_000\\team14\\ums\\renderers\\Google-Android.conf
DEBUG 2016-01-28 12:56:21.382 [main] Added file watch at C:\Users\rmbsk_000\team14\ums\renderers: C:\\Users\\rmbsk_000\\team14\\ums\\renderers\\Hama-IR320.conf
DEBUG 2016-01-28 12:56:21.386 [main] Added file watch at C:\Users\rmbsk_000\team14\ums\renderers: C:\\Users\\rmbsk_000\\team14\\ums\\renderers\\Hisense-K680.conf
DEBUG 2016-01-28 12:56:21.393 [main] Added file watch at C:\Users\rmbsk_000\team14\ums\renderers: C:\\Users\\rmbsk_000\\team14\\ums\\renderers\\Kodi.conf
DEBUG 2016-01-28 12:56:21.397 [main] Added file watch at C:\Users\rmbsk_000\team14\ums\renderers: C:\\Users\\rmbsk_000\\team14\\ums\\renderers\\LG-LA6200.conf
DEBUG 2016-01-28 12:56:21.401 [main] Added file watch at C:\Users\rmbsk_000\team14\ums\renderers: C:\\Users\\rmbsk_000\\team14\\ums\\renderers\\LG-LA644V.conf
DEBUG 2016-01-28 12:56:21.406 [main] Added file watch at C:\Users\rmbsk_000\team14\ums\renderers: C:\\Users\\rmbsk_000\\team14\\ums\\renderers\\LG-LB.conf
DEBUG 2016-01-28 12:56:21.410 [main] Added file watch at C:\Users\rmbsk_000\team14\ums\renderers: C:\\Users\\rmbsk_000\\team14\\ums\\renderers\\LG-LM620.conf
DEBUG 2016-01-28 12:56:21.415 [main] Added file watch at C:\Users\rmbsk_000\team14\ums\renderers: C:\\Users\\rmbsk_000\\team14\\ums\\renderers\\LG-LM660.conf
DEBUG 2016-01-28 12:56:21.420 [main] Added file watch at C:\Users\rmbsk_000\team14\ums\renderers: C:\\Users\\rmbsk_000\\team14\\ums\\renderers\\LG-LS5700.conf
DEBUG 2016-01-28 12:56:21.425 [main] Added file watch at C:\Users\rmbsk_000\team14\ums\renderers: C:\\Users\\rmbsk_000\\team14\\ums\\renderers\\LG-ST600.conf
DEBUG 2016-01-28 12:56:21.429 [main] Added file watch at C:\Users\rmbsk_000\team14\ums\renderers: C:\\Users\\rmbsk_000\\team14\\ums\\renderers\\LG-UB820V.conf
DEBUG 2016-01-28 12:56:21.433 [main] Added file watch at C:\Users\rmbsk_000\team14\ums\renderers: C:\\Users\\rmbsk_000\\team14\\ums\\renderers\\LG-WebOS.conf
DEBUG 2016-01-28 12:56:21.437 [main] Added file watch at C:\Users\rmbsk_000\team14\ums\renderers: C:\\Users\\rmbsk_000\\team14\\ums\\renderers\\Logitech-Squeezebox.conf
DEBUG 2016-01-28 12:56:21.440 [main] Added file watch at C:\Users\rmbsk_000\team14\ums\renderers: C:\\Users\\rmbsk_000\\team14\\ums\\renderers\\Microsoft-WindowsMediaPlayer.conf
DEBUG 2016-01-28 12:56:21.445 [main] Added file watch at C:\Users\rmbsk_000\team14\ums\renderers: C:\\Users\\rmbsk_000\\team14\\ums\\renderers\\Microsoft-Xbox360.conf
DEBUG 2016-01-28 12:56:21.449 [main] Added file watch at C:\Users\rmbsk_000\team14\ums\renderers: C:\\Users\\rmbsk_000\\team14\\ums\\renderers\\Microsoft-XboxOne.conf
DEBUG 2016-01-28 12:56:21.453 [main] Added file watch at C:\Users\rmbsk_000\team14\ums\renderers: C:\\Users\\rmbsk_000\\team14\\ums\\renderers\\Miracast-M806.conf
DEBUG 2016-01-28 12:56:21.457 [main] Added file watch at C:\Users\rmbsk_000\team14\ums\renderers: C:\\Users\\rmbsk_000\\team14\\ums\\renderers\\Netgear-NeoTV.conf
DEBUG 2016-01-28 12:56:21.461 [main] Added file watch at C:\Users\rmbsk_000\team14\ums\renderers: C:\\Users\\rmbsk_000\\team14\\ums\\renderers\\Netgem-N7700.conf
DEBUG 2016-01-28 12:56:21.464 [main] Added file watch at C:\Users\rmbsk_000\team14\ums\renderers: C:\\Users\\rmbsk_000\\team14\\ums\\renderers\\Nokia-N900.conf
DEBUG 2016-01-28 12:56:21.468 [main] Added file watch at C:\Users\rmbsk_000\team14\ums\renderers: C:\\Users\\rmbsk_000\\team14\\ums\\renderers\\Onkyo-TXNR717.conf
DEBUG 2016-01-28 12:56:21.471 [main] Added file watch at C:\Users\rmbsk_000\team14\ums\renderers: C:\\Users\\rmbsk_000\\team14\\ums\\renderers\\OPPO-BDP.conf
DEBUG 2016-01-28 12:56:21.475 [main] Added file watch at C:\Users\rmbsk_000\team14\ums\renderers: C:\\Users\\rmbsk_000\\team14\\ums\\renderers\\OPPO-BDP83.conf
DEBUG 2016-01-28 12:56:21.479 [main] Added file watch at C:\Users\rmbsk_000\team14\ums\renderers: C:\\Users\\rmbsk_000\\team14\\ums\\renderers\\Panasonic-DMPBDT.conf
DEBUG 2016-01-28 12:56:21.483 [main] Added file watch at C:\Users\rmbsk_000\team14\ums\renderers: C:\\Users\\rmbsk_000\\team14\\ums\\renderers\\Panasonic-DMPBDT220.conf
DEBUG 2016-01-28 12:56:21.488 [main] Added file watch at C:\Users\rmbsk_000\team14\ums\renderers: C:\\Users\\rmbsk_000\\team14\\ums\\renderers\\Panasonic-DMPBDT360.conf
DEBUG 2016-01-28 12:56:21.492 [main] Added file watch at C:\Users\rmbsk_000\team14\ums\renderers: C:\\Users\\rmbsk_000\\team14\\ums\\renderers\\Panasonic-SCBTT.conf
DEBUG 2016-01-28 12:56:21.497 [main] Added file watch at C:\Users\rmbsk_000\team14\ums\renderers: C:\\Users\\rmbsk_000\\team14\\ums\\renderers\\Panasonic-Viera.conf
DEBUG 2016-01-28 12:56:21.503 [main] Added file watch at C:\Users\rmbsk_000\team14\ums\renderers: C:\\Users\\rmbsk_000\\team14\\ums\\renderers\\Panasonic-VieraAS600E.conf
DEBUG 2016-01-28 12:56:21.508 [main] Added file watch at C:\Users\rmbsk_000\team14\ums\renderers: C:\\Users\\rmbsk_000\\team14\\ums\\renderers\\Panasonic-VieraAS650.conf
DEBUG 2016-01-28 12:56:21.513 [main] Added file watch at C:\Users\rmbsk_000\team14\ums\renderers: C:\\Users\\rmbsk_000\\team14\\ums\\renderers\\Panasonic-VieraET60.conf
DEBUG 2016-01-28 12:56:21.518 [main] Added file watch at C:\Users\rmbsk_000\team14\ums\renderers: C:\\Users\\rmbsk_000\\team14\\ums\\renderers\\Panasonic-VieraS60.conf
DEBUG 2016-01-28 12:56:21.522 [main] Added file watch at C:\Users\rmbsk_000\team14\ums\renderers: C:\\Users\\rmbsk_000\\team14\\ums\\renderers\\Panasonic-VieraTHPU30Z.conf
DEBUG 2016-01-28 12:56:21.527 [main] Added file watch at C:\Users\rmbsk_000\team14\ums\renderers: C:\\Users\\rmbsk_000\\team14\\ums\\renderers\\Panasonic-VieraTXL32V10E.conf
DEBUG 2016-01-28 12:56:21.531 [main] Added file watch at C:\Users\rmbsk_000\team14\ums\renderers: C:\\Users\\rmbsk_000\\team14\\ums\\renderers\\Panasonic-VieraVT60.conf
DEBUG 2016-01-28 12:56:21.535 [main] Added file watch at C:\Users\rmbsk_000\team14\ums\renderers: C:\\Users\\rmbsk_000\\team14\\ums\\renderers\\Philips-AureaAndNetTV.conf
DEBUG 2016-01-28 12:56:21.540 [main] Added file watch at C:\Users\rmbsk_000\team14\ums\renderers: C:\\Users\\rmbsk_000\\team14\\ums\\renderers\\Philips-PFL.conf
DEBUG 2016-01-28 12:56:21.544 [main] Added file watch at C:\Users\rmbsk_000\team14\ums\renderers: C:\\Users\\rmbsk_000\\team14\\ums\\renderers\\Philips-Streamium.conf
DEBUG 2016-01-28 12:56:21.548 [main] Added file watch at C:\Users\rmbsk_000\team14\ums\renderers: C:\\Users\\rmbsk_000\\team14\\ums\\renderers\\Pioneer-Kuro.conf
DEBUG 2016-01-28 12:56:21.551 [main] Added file watch at C:\Users\rmbsk_000\team14\ums\renderers: C:\\Users\\rmbsk_000\\team14\\ums\\renderers\\PopcornHour.conf
DEBUG 2016-01-28 12:56:21.555 [main] Added file watch at C:\Users\rmbsk_000\team14\ums\renderers: C:\\Users\\rmbsk_000\\team14\\ums\\renderers\\Realtek.conf
DEBUG 2016-01-28 12:56:21.559 [main] Added file watch at C:\Users\rmbsk_000\team14\ums\renderers: C:\\Users\\rmbsk_000\\team14\\ums\\renderers\\Roku-Roku3-3.conf
DEBUG 2016-01-28 12:56:21.564 [main] Added file watch at C:\Users\rmbsk_000\team14\ums\renderers: C:\\Users\\rmbsk_000\\team14\\ums\\renderers\\Roku-Roku3-5.conf
DEBUG 2016-01-28 12:56:21.568 [main] Added file watch at C:\Users\rmbsk_000\team14\ums\renderers: C:\\Users\\rmbsk_000\\team14\\ums\\renderers\\Samsung-BDC6800.conf
DEBUG 2016-01-28 12:56:21.573 [main] Added file watch at C:\Users\rmbsk_000\team14\ums\renderers: C:\\Users\\rmbsk_000\\team14\\ums\\renderers\\Samsung-BDH6500.conf
DEBUG 2016-01-28 12:56:21.577 [main] Added file watch at C:\Users\rmbsk_000\team14\ums\renderers: C:\\Users\\rmbsk_000\\team14\\ums\\renderers\\Samsung-C6600.conf
DEBUG 2016-01-28 12:56:21.581 [main] Added file watch at C:\Users\rmbsk_000\team14\ums\renderers: C:\\Users\\rmbsk_000\\team14\\ums\\renderers\\Samsung-CD.conf
DEBUG 2016-01-28 12:56:21.585 [main] Added file watch at C:\Users\rmbsk_000\team14\ums\renderers: C:\\Users\\rmbsk_000\\team14\\ums\\renderers\\Samsung-D6400.conf
DEBUG 2016-01-28 12:56:21.589 [main] Added file watch at C:\Users\rmbsk_000\team14\ums\renderers: C:\\Users\\rmbsk_000\\team14\\ums\\renderers\\Samsung-D7000.conf
DEBUG 2016-01-28 12:56:21.594 [main] Added file watch at C:\Users\rmbsk_000\team14\ums\renderers: C:\\Users\\rmbsk_000\\team14\\ums\\renderers\\Samsung-EH5300.conf
DEBUG 2016-01-28 12:56:21.598 [main] Added file watch at C:\Users\rmbsk_000\team14\ums\renderers: C:\\Users\\rmbsk_000\\team14\\ums\\renderers\\Samsung-EH6070.conf
DEBUG 2016-01-28 12:56:21.602 [main] Added file watch at C:\Users\rmbsk_000\team14\ums\renderers: C:\\Users\\rmbsk_000\\team14\\ums\\renderers\\Samsung-ES6100.conf
DEBUG 2016-01-28 12:56:21.606 [main] Added file watch at C:\Users\rmbsk_000\team14\ums\renderers: C:\\Users\\rmbsk_000\\team14\\ums\\renderers\\Samsung-ES6575.conf
DEBUG 2016-01-28 12:56:21.610 [main] Added file watch at C:\Users\rmbsk_000\team14\ums\renderers: C:\\Users\\rmbsk_000\\team14\\ums\\renderers\\Samsung-ES8000.conf
DEBUG 2016-01-28 12:56:21.614 [main] Added file watch at C:\Users\rmbsk_000\team14\ums\renderers: C:\\Users\\rmbsk_000\\team14\\ums\\renderers\\Samsung-ES8005.conf
DEBUG 2016-01-28 12:56:21.618 [main] Added file watch at C:\Users\rmbsk_000\team14\ums\renderers: C:\\Users\\rmbsk_000\\team14\\ums\\renderers\\Samsung-F5100.conf
DEBUG 2016-01-28 12:56:21.622 [main] Added file watch at C:\Users\rmbsk_000\team14\ums\renderers: C:\\Users\\rmbsk_000\\team14\\ums\\renderers\\Samsung-F5505.conf
DEBUG 2016-01-28 12:56:21.626 [main] Added file watch at C:\Users\rmbsk_000\team14\ums\renderers: C:\\Users\\rmbsk_000\\team14\\ums\\renderers\\Samsung-F5900.conf
DEBUG 2016-01-28 12:56:21.629 [main] Added file watch at C:\Users\rmbsk_000\team14\ums\renderers: C:\\Users\\rmbsk_000\\team14\\ums\\renderers\\Samsung-GalaxyS5.conf
DEBUG 2016-01-28 12:56:21.647 [main] Added file watch at C:\Users\rmbsk_000\team14\ums\renderers: C:\\Users\\rmbsk_000\\team14\\ums\\renderers\\Samsung-H4500.conf
DEBUG 2016-01-28 12:56:21.653 [main] Added file watch at C:\Users\rmbsk_000\team14\ums\renderers: C:\\Users\\rmbsk_000\\team14\\ums\\renderers\\Samsung-H6203.conf
DEBUG 2016-01-28 12:56:21.657 [main] Added file watch at C:\Users\rmbsk_000\team14\ums\renderers: C:\\Users\\rmbsk_000\\team14\\ums\\renderers\\Samsung-H6400.conf
DEBUG 2016-01-28 12:56:21.661 [main] Added file watch at C:\Users\rmbsk_000\team14\ums\renderers: C:\\Users\\rmbsk_000\\team14\\ums\\renderers\\Samsung-HTE3.conf
DEBUG 2016-01-28 12:56:21.664 [main] Added file watch at C:\Users\rmbsk_000\team14\ums\renderers: C:\\Users\\rmbsk_000\\team14\\ums\\renderers\\Samsung-HTF4.conf
DEBUG 2016-01-28 12:56:21.668 [main] Added file watch at C:\Users\rmbsk_000\team14\ums\renderers: C:\\Users\\rmbsk_000\\team14\\ums\\renderers\\Samsung-HU7000.conf
DEBUG 2016-01-28 12:56:21.672 [main] Added file watch at C:\Users\rmbsk_000\team14\ums\renderers: C:\\Users\\rmbsk_000\\team14\\ums\\renderers\\Samsung-HU9000.conf
DEBUG 2016-01-28 12:56:21.676 [main] Added file watch at C:\Users\rmbsk_000\team14\ums\renderers: C:\\Users\\rmbsk_000\\team14\\ums\\renderers\\Samsung-J55xx.conf
DEBUG 2016-01-28 12:56:21.679 [main] Added file watch at C:\Users\rmbsk_000\team14\ums\renderers: C:\\Users\\rmbsk_000\\team14\\ums\\renderers\\Samsung-JU6400.conf
DEBUG 2016-01-28 12:56:21.682 [main] Added file watch at C:\Users\rmbsk_000\team14\ums\renderers: C:\\Users\\rmbsk_000\\team14\\ums\\renderers\\Samsung-Mobile.conf
DEBUG 2016-01-28 12:56:21.686 [main] Added file watch at C:\Users\rmbsk_000\team14\ums\renderers: C:\\Users\\rmbsk_000\\team14\\ums\\renderers\\Samsung-NotCD.conf
DEBUG 2016-01-28 12:56:21.689 [main] Added file watch at C:\Users\rmbsk_000\team14\ums\renderers: C:\\Users\\rmbsk_000\\team14\\ums\\renderers\\Samsung-SMTG7400.conf
DEBUG 2016-01-28 12:56:21.693 [main] Added file watch at C:\Users\rmbsk_000\team14\ums\renderers: C:\\Users\\rmbsk_000\\team14\\ums\\renderers\\Samsung-WiseLink.conf
DEBUG 2016-01-28 12:56:21.696 [main] Added file watch at C:\Users\rmbsk_000\team14\ums\renderers: C:\\Users\\rmbsk_000\\team14\\ums\\renderers\\Sharp-Aquos.conf
DEBUG 2016-01-28 12:56:21.699 [main] Added file watch at C:\Users\rmbsk_000\team14\ums\renderers: C:\\Users\\rmbsk_000\\team14\\ums\\renderers\\Showtime3.conf
DEBUG 2016-01-28 12:56:21.703 [main] Added file watch at C:\Users\rmbsk_000\team14\ums\renderers: C:\\Users\\rmbsk_000\\team14\\ums\\renderers\\Showtime4.conf
DEBUG 2016-01-28 12:56:21.706 [main] Added file watch at C:\Users\rmbsk_000\team14\ums\renderers: C:\\Users\\rmbsk_000\\team14\\ums\\renderers\\Sony-Bluray.conf
DEBUG 2016-01-28 12:56:21.709 [main] Added file watch at C:\Users\rmbsk_000\team14\ums\renderers: C:\\Users\\rmbsk_000\\team14\\ums\\renderers\\Sony-Bluray2013.conf
DEBUG 2016-01-28 12:56:21.712 [main] Added file watch at C:\Users\rmbsk_000\team14\ums\renderers: C:\\Users\\rmbsk_000\\team14\\ums\\renderers\\Sony-Bravia4500.conf
DEBUG 2016-01-28 12:56:21.717 [main] Added file watch at C:\Users\rmbsk_000\team14\ums\renderers: C:\\Users\\rmbsk_000\\team14\\ums\\renderers\\Sony-Bravia5500.conf
DEBUG 2016-01-28 12:56:21.720 [main] Added file watch at C:\Users\rmbsk_000\team14\ums\renderers: C:\\Users\\rmbsk_000\\team14\\ums\\renderers\\Sony-BraviaBX305.conf
DEBUG 2016-01-28 12:56:21.724 [main] Added file watch at C:\Users\rmbsk_000\team14\ums\renderers: C:\\Users\\rmbsk_000\\team14\\ums\\renderers\\Sony-BraviaEX.conf
DEBUG 2016-01-28 12:56:21.727 [main] Added file watch at C:\Users\rmbsk_000\team14\ums\renderers: C:\\Users\\rmbsk_000\\team14\\ums\\renderers\\Sony-BraviaEX620.conf
DEBUG 2016-01-28 12:56:21.731 [main] Added file watch at C:\Users\rmbsk_000\team14\ums\renderers: C:\\Users\\rmbsk_000\\team14\\ums\\renderers\\Sony-BraviaHX.conf
DEBUG 2016-01-28 12:56:21.735 [main] Added file watch at C:\Users\rmbsk_000\team14\ums\renderers: C:\\Users\\rmbsk_000\\team14\\ums\\renderers\\Sony-BraviaHX75.conf
DEBUG 2016-01-28 12:56:21.738 [main] Added file watch at C:\Users\rmbsk_000\team14\ums\renderers: C:\\Users\\rmbsk_000\\team14\\ums\\renderers\\Sony-BraviaNX70x.conf
DEBUG 2016-01-28 12:56:21.742 [main] Added file watch at C:\Users\rmbsk_000\team14\ums\renderers: C:\\Users\\rmbsk_000\\team14\\ums\\renderers\\Sony-BraviaNX800.conf
DEBUG 2016-01-28 12:56:21.746 [main] Added file watch at C:\Users\rmbsk_000\team14\ums\renderers: C:\\Users\\rmbsk_000\\team14\\ums\\renderers\\Sony-BraviaW.conf
DEBUG 2016-01-28 12:56:21.750 [main] Added file watch at C:\Users\rmbsk_000\team14\ums\renderers: C:\\Users\\rmbsk_000\\team14\\ums\\renderers\\Sony-BraviaXBR.conf
DEBUG 2016-01-28 12:56:21.753 [main] Added file watch at C:\Users\rmbsk_000\team14\ums\renderers: C:\\Users\\rmbsk_000\\team14\\ums\\renderers\\Sony-HomeTheatreSystem.conf
DEBUG 2016-01-28 12:56:21.757 [main] Added file watch at C:\Users\rmbsk_000\team14\ums\renderers: C:\\Users\\rmbsk_000\\team14\\ums\\renderers\\Sony-PlayStation3.conf
DEBUG 2016-01-28 12:56:21.760 [main] Added file watch at C:\Users\rmbsk_000\team14\ums\renderers: C:\\Users\\rmbsk_000\\team14\\ums\\renderers\\Sony-PlayStation4.conf
DEBUG 2016-01-28 12:56:21.764 [main] Added file watch at C:\Users\rmbsk_000\team14\ums\renderers: C:\\Users\\rmbsk_000\\team14\\ums\\renderers\\Sony-PlayStationVita.conf
DEBUG 2016-01-28 12:56:21.768 [main] Added file watch at C:\Users\rmbsk_000\team14\ums\renderers: C:\\Users\\rmbsk_000\\team14\\ums\\renderers\\Sony-SMPN100.conf
DEBUG 2016-01-28 12:56:21.772 [main] Added file watch at C:\Users\rmbsk_000\team14\ums\renderers: C:\\Users\\rmbsk_000\\team14\\ums\\renderers\\Sony-STR5800ES.conf
DEBUG 2016-01-28 12:56:21.778 [main] Added file watch at C:\Users\rmbsk_000\team14\ums\renderers: C:\\Users\\rmbsk_000\\team14\\ums\\renderers\\Sony-Xperia.conf
DEBUG 2016-01-28 12:56:21.782 [main] Added file watch at C:\Users\rmbsk_000\team14\ums\renderers: C:\\Users\\rmbsk_000\\team14\\ums\\renderers\\Sony-XperiaZ3.conf
DEBUG 2016-01-28 12:56:21.785 [main] Added file watch at C:\Users\rmbsk_000\team14\ums\renderers: C:\\Users\\rmbsk_000\\team14\\ums\\renderers\\Technisat-S1Plus.conf
DEBUG 2016-01-28 12:56:21.789 [main] Added file watch at C:\Users\rmbsk_000\team14\ums\renderers: C:\\Users\\rmbsk_000\\team14\\ums\\renderers\\Telefunken-TV.conf
DEBUG 2016-01-28 12:56:21.792 [main] Added file watch at C:\Users\rmbsk_000\team14\ums\renderers: C:\\Users\\rmbsk_000\\team14\\ums\\renderers\\Telstra-Tbox.conf
DEBUG 2016-01-28 12:56:21.795 [main] Added file watch at C:\Users\rmbsk_000\team14\ums\renderers: C:\\Users\\rmbsk_000\\team14\\ums\\renderers\\Thomson-U3.conf
DEBUG 2016-01-28 12:56:21.798 [main] Added file watch at C:\Users\rmbsk_000\team14\ums\renderers: C:\\Users\\rmbsk_000\\team14\\ums\\renderers\\VideoWeb-VideoWebTV.conf
DEBUG 2016-01-28 12:56:21.801 [main] Added file watch at C:\Users\rmbsk_000\team14\ums\renderers: C:\\Users\\rmbsk_000\\team14\\ums\\renderers\\Vizio-SmartTV.conf
DEBUG 2016-01-28 12:56:21.805 [main] Added file watch at C:\Users\rmbsk_000\team14\ums\renderers: C:\\Users\\rmbsk_000\\team14\\ums\\renderers\\WesternDigital-WDTVLive.conf
DEBUG 2016-01-28 12:56:21.810 [main] Added file watch at C:\Users\rmbsk_000\team14\ums\renderers: C:\\Users\\rmbsk_000\\team14\\ums\\renderers\\XBMC.conf
DEBUG 2016-01-28 12:56:21.813 [main] Added file watch at C:\Users\rmbsk_000\team14\ums\renderers: C:\\Users\\rmbsk_000\\team14\\ums\\renderers\\Yamaha-RN500.conf
DEBUG 2016-01-28 12:56:21.816 [main] Added file watch at C:\Users\rmbsk_000\team14\ums\renderers: C:\\Users\\rmbsk_000\\team14\\ums\\renderers\\Yamaha-RXA1010.conf
DEBUG 2016-01-28 12:56:21.819 [main] Added file watch at C:\Users\rmbsk_000\team14\ums\renderers: C:\\Users\\rmbsk_000\\team14\\ums\\renderers\\Yamaha-RXV3900.conf
DEBUG 2016-01-28 12:56:21.822 [main] Added file watch at C:\Users\rmbsk_000\team14\ums\renderers: C:\\Users\\rmbsk_000\\team14\\ums\\renderers\\Yamaha-RXV671.conf
DEBUG 2016-01-28 12:56:21.823 [main] Reading upnp_enable: false (default: true)
DEBUG 2016-01-28 12:56:21.829 [main] Attached http player control handler to web server
INFO  2016-01-28 12:56:22.730 [main] Checking the fontconfig cache in the background, this can take two minutes or so.
DEBUG 2016-01-28 12:56:22.752 [ffmpeg64.exe-1] Starting win32/ffmpeg64.exe -y -f lavfi -i nullsrc=s=720x480:d=1:r=1 -vf ass=DummyInput.ass -target ntsc-dvd -
DEBUG 2016-01-28 12:56:22.752 [mplayer.exe-0] Starting win32/mplayer.exe dummy
ERROR 2016-01-28 12:56:22.761 [mplayer.exe-0] Error initializing process: 
ERROR 2016-01-28 12:56:22.778 [ffmpeg64.exe-1] Error initializing process: 
INFO  2016-01-28 12:56:22.805 [main] Searching for plugins in C:\Users\rmbsk_000\team14\ums\plugins
INFO  2016-01-28 12:56:22.812 [main] No plugins found
INFO  2016-01-28 12:56:22.855 [main] Executable of transcoder profile AviSynth/FFmpeg not found
INFO  2016-01-28 12:56:22.858 [main] Executable of transcoder profile FFmpeg Audio not found
INFO  2016-01-28 12:56:22.886 [main] Executable of transcoder profile MEncoder not found
INFO  2016-01-28 12:56:22.891 [main] Executable of transcoder profile AviSynth/MEncoder not found
INFO  2016-01-28 12:56:22.893 [main] Executable of transcoder profile FFmpeg not found
INFO  2016-01-28 12:56:22.898 [main] Executable of transcoder profile VLC not found
DEBUG 2016-01-28 12:56:22.932 [main] Error reading ffmpeg web filters: File 'C:\Users\rmbsk_000\team14\ums\ffmpeg.webfilters' does not exist
ERROR 2016-01-28 12:56:22.959 [main] Error running command [win32/ffmpeg64.exe, -protocols]
java.io.IOException: Cannot run program "win32/ffmpeg64.exe": CreateProcess error=2, The system cannot find the file specified
	at java.lang.ProcessBuilder.start(Unknown Source) ~[na:1.8.0_40]
	at net.pms.util.ProcessUtil.run(ProcessUtil.java:184) [ums.jar:5.5.0]
	at net.pms.util.ProcessUtil.run(ProcessUtil.java:215) [ums.jar:5.5.0]
	at net.pms.encoders.FFmpegOptions.getSupportedProtocols(FFmpegOptions.java:90) [ums.jar:5.5.0]
	at net.pms.encoders.FFmpegWebVideo.<init>(FFmpegWebVideo.java:98) [ums.jar:5.5.0]
	at net.pms.encoders.PlayerFactory.registerPlayers(PlayerFactory.java:129) [ums.jar:5.5.0]
	at net.pms.encoders.PlayerFactory.initialize(PlayerFactory.java:109) [ums.jar:5.5.0]
	at net.pms.PMS.init(PMS.java:698) [ums.jar:5.5.0]
	at net.pms.PMS.createInstance(PMS.java:1072) [ums.jar:5.5.0]
	at net.pms.PMS.main(PMS.java:1230) [ums.jar:5.5.0]
Caused by: java.io.IOException: CreateProcess error=2, The system cannot find the file specified
	at java.lang.ProcessImpl.create(Native Method) ~[na:1.8.0_40]
	at java.lang.ProcessImpl.<init>(Unknown Source) ~[na:1.8.0_40]
	at java.lang.ProcessImpl.start(Unknown Source) ~[na:1.8.0_40]
	... 10 common frames omitted
DEBUG 2016-01-28 12:56:22.975 [main] FFmpeg supported protocols: []
INFO  2016-01-28 12:56:22.976 [main] Executable of transcoder profile FFmpeg Web Video not found
INFO  2016-01-28 12:56:22.980 [main] Executable of transcoder profile MEncoder Web not found
INFO  2016-01-28 12:56:22.985 [main] Executable of transcoder profile VLC Web Video not found
INFO  2016-01-28 12:56:22.994 [main] Executable of transcoder profile tsMuxeR not found
INFO  2016-01-28 12:56:22.996 [main] Executable of transcoder profile Audio High Fidelity not found
INFO  2016-01-28 12:56:23.000 [main] Executable of transcoder profile VLC Web Audio (Legacy) not found
INFO  2016-01-28 12:56:23.002 [main] Executable of transcoder profile VLC Web Video (Legacy) not found
INFO  2016-01-28 12:56:23.004 [main] Executable of transcoder profile FFmpeg DVR-MS Remux not found
INFO  2016-01-28 12:56:23.007 [main] Executable of transcoder profile dcraw Thumbnailer not found
DEBUG 2016-01-28 12:56:23.285 [main] Reading cred.path: "" (previous: null, default: "")
DEBUG 2016-01-28 12:56:23.289 [main] Reading hostname: "127.0.0.1" (default: null)
INFO  2016-01-28 12:56:23.289 [main] Using forced address 127.0.0.1
INFO  2016-01-28 12:56:23.291 [main] Created socket: /127.0.0.1:5001
INFO  2016-01-28 12:56:23.524 [main] WEB interface is available at: http://127.0.0.1:9001
DEBUG 2016-01-28 12:56:23.536 [main] Using database URL: jdbc:h2:C:\Users\rmbsk_000\team14\ums\database/medias
INFO  2016-01-28 12:56:23.536 [main] Using database located at: C:\Users\rmbsk_000\team14\ums\database
DEBUG 2016-01-28 12:56:24.408 [main] Database file count: 0
DEBUG 2016-01-28 12:56:24.409 [main] Database version: 5
INFO  2016-01-28 12:56:24.454 [main] A tiny cache admin interface is available at: http://127.0.0.1:5001/console/home
INFO  2016-01-28 12:56:24.495 [main] Checking shared folder: Music
DEBUG 2016-01-28 12:56:24.570 [main] Sending ALIVE...
DEBUG 2016-01-28 12:56:24.986 [main] Error sending ALIVE message
java.io.IOException: No usable addresses found for UPnP multicast
	at net.pms.network.UPNPHelper.getNewMulticastSocket(UPNPHelper.java:261) ~[ums.jar:5.5.0]
	at net.pms.network.UPNPHelper.sendAlive(UPNPHelper.java:192) ~[ums.jar:5.5.0]
	at net.pms.PMS.init(PMS.java:809) [ums.jar:5.5.0]
	at net.pms.PMS.createInstance(PMS.java:1072) [ums.jar:5.5.0]
	at net.pms.PMS.main(PMS.java:1230) [ums.jar:5.5.0]
INFO  2016-01-28 12:56:25.245 [main] Universal Media Server is now available for renderers to find
DEBUG 2016-01-28 12:56:35.241 [UPNP-AliveMessageSender] Sending ALIVE...
DEBUG 2016-01-28 12:56:35.936 [UPNP-AliveMessageSender] Error sending ALIVE message
java.io.IOException: No usable addresses found for UPnP multicast
	at net.pms.network.UPNPHelper.getNewMulticastSocket(UPNPHelper.java:261) ~[ums.jar:5.5.0]
	at net.pms.network.UPNPHelper.sendAlive(UPNPHelper.java:192) ~[ums.jar:5.5.0]
	at net.pms.network.UPNPHelper$1.run(UPNPHelper.java:367) [ums.jar:5.5.0]
	at java.lang.Thread.run(Unknown Source) [na:1.8.0_40]
INFO  2016-01-28 12:56:48.276 [UPNPHelper] No IP filter specified, access granted to /127.0.0.1
DEBUG 2016-01-28 12:56:48.334 [UPNPHelper] Reading uuid: "b38366b8-0d6d-4aa8-ba14-b64a6ec7adb1" (default: null)
INFO  2016-01-28 12:56:48.334 [UPNPHelper] Using the following UUID configured in UMS.conf: b38366b8-0d6d-4aa8-ba14-b64a6ec7adb1
DEBUG 2016-01-28 12:56:55.937 [UPNP-AliveMessageSender] Sending ALIVE...
DEBUG 2016-01-28 12:56:56.440 [UPNP-AliveMessageSender] Error sending ALIVE message
java.io.IOException: No usable addresses found for UPnP multicast
	at net.pms.network.UPNPHelper.getNewMulticastSocket(UPNPHelper.java:261) ~[ums.jar:5.5.0]
	at net.pms.network.UPNPHelper.sendAlive(UPNPHelper.java:192) ~[ums.jar:5.5.0]
	at net.pms.network.UPNPHelper$1.run(UPNPHelper.java:367) [ums.jar:5.5.0]
	at java.lang.Thread.run(Unknown Source) [na:1.8.0_40]
DEBUG 2016-01-28 12:58:05.762 [New I/O worker #1] Reading MediaInfo: true (default: false)
DEBUG 2016-01-28 12:58:05.763 [New I/O worker #1] Adding status button for Unknown renderer
DEBUG 2016-01-28 12:58:05.833 [New I/O worker #1] Marking renderer "Unknown renderer" at /127.0.0.1 as unrecognized
INFO  2016-01-28 12:58:05.834 [New I/O worker #1] Media renderer was not recognized. Possible identifying HTTP headers:User-Agent: okhttp/3.0.0-RC1
INFO  2016-01-28 12:58:05.849 [New I/O worker #1] Checking shared folder: Music
DEBUG 2016-01-28 12:58:06.025 [New I/O worker #1] Connection error: java.io.IOException: An existing connection was forcibly closed by the remote host
DEBUG 2016-01-28 12:58:06.026 [New I/O worker #1] Premature end, stopping...
DEBUG 2016-01-28 12:58:06.028 [New I/O worker #1] Connection error: java.io.IOException: An existing connection was forcibly closed by the remote host
DEBUG 2016-01-28 12:58:06.028 [New I/O worker #1] Premature end, stopping...
DEBUG 2016-01-28 12:59:56.440 [UPNP-AliveMessageSender] Sending ALIVE...
DEBUG 2016-01-28 12:59:57.094 [UPNP-AliveMessageSender] Error sending ALIVE message
java.io.IOException: No usable addresses found for UPnP multicast
	at net.pms.network.UPNPHelper.getNewMulticastSocket(UPNPHelper.java:261) ~[ums.jar:5.5.0]
	at net.pms.network.UPNPHelper.sendAlive(UPNPHelper.java:192) ~[ums.jar:5.5.0]
	at net.pms.network.UPNPHelper$1.run(UPNPHelper.java:367) [ums.jar:5.5.0]
	at java.lang.Thread.run(Unknown Source) [na:1.8.0_40]
DEBUG 2016-01-28 13:02:57.095 [UPNP-AliveMessageSender] Sending ALIVE...
DEBUG 2016-01-28 13:02:57.715 [UPNP-AliveMessageSender] Error sending ALIVE message
java.io.IOException: No usable addresses found for UPnP multicast
	at net.pms.network.UPNPHelper.getNewMulticastSocket(UPNPHelper.java:261) ~[ums.jar:5.5.0]
	at net.pms.network.UPNPHelper.sendAlive(UPNPHelper.java:192) ~[ums.jar:5.5.0]
	at net.pms.network.UPNPHelper$1.run(UPNPHelper.java:367) [ums.jar:5.5.0]
	at java.lang.Thread.run(Unknown Source) [na:1.8.0_40]
DEBUG 2016-01-28 13:05:57.717 [UPNP-AliveMessageSender] Sending ALIVE...
DEBUG 2016-01-28 13:05:57.898 [UPNP-AliveMessageSender] Error sending ALIVE message
java.io.IOException: No usable addresses found for UPnP multicast
	at net.pms.network.UPNPHelper.getNewMulticastSocket(UPNPHelper.java:261) ~[ums.jar:5.5.0]
	at net.pms.network.UPNPHelper.sendAlive(UPNPHelper.java:192) ~[ums.jar:5.5.0]
	at net.pms.network.UPNPHelper$1.run(UPNPHelper.java:367) [ums.jar:5.5.0]
	at java.lang.Thread.run(Unknown Source) [na:1.8.0_40]
DEBUG 2016-01-28 13:08:57.898 [UPNP-AliveMessageSender] Sending ALIVE...
DEBUG 2016-01-28 13:08:58.562 [UPNP-AliveMessageSender] Error sending ALIVE message
java.io.IOException: No usable addresses found for UPnP multicast
	at net.pms.network.UPNPHelper.getNewMulticastSocket(UPNPHelper.java:261) ~[ums.jar:5.5.0]
	at net.pms.network.UPNPHelper.sendAlive(UPNPHelper.java:192) ~[ums.jar:5.5.0]
	at net.pms.network.UPNPHelper$1.run(UPNPHelper.java:367) [ums.jar:5.5.0]
	at java.lang.Thread.run(Unknown Source) [na:1.8.0_40]
DEBUG 2016-01-28 13:11:58.564 [UPNP-AliveMessageSender] Sending ALIVE...
DEBUG 2016-01-28 13:11:59.122 [UPNP-AliveMessageSender] Error sending ALIVE message
java.io.IOException: No usable addresses found for UPnP multicast
	at net.pms.network.UPNPHelper.getNewMulticastSocket(UPNPHelper.java:261) ~[ums.jar:5.5.0]
	at net.pms.network.UPNPHelper.sendAlive(UPNPHelper.java:192) ~[ums.jar:5.5.0]
	at net.pms.network.UPNPHelper$1.run(UPNPHelper.java:367) [ums.jar:5.5.0]
	at java.lang.Thread.run(Unknown Source) [na:1.8.0_40]
DEBUG 2016-01-28 13:12:35.780 [New I/O worker #2] Matched media renderer "Unknown renderer" based on address /127.0.0.1
DEBUG 2016-01-28 13:12:35.786 [New I/O worker #2] Finishing configuration for Unknown renderer
DEBUG 2016-01-28 13:12:35.787 [New I/O worker #2] Reading MediaInfo: true (default: false)
DEBUG 2016-01-28 13:12:35.787 [New I/O worker #2] Updating status button for Unknown renderer
DEBUG 2016-01-28 13:12:35.789 [New I/O worker #2] Marking renderer "Unknown renderer" at /127.0.0.1 as unrecognized
INFO  2016-01-28 13:12:35.789 [New I/O worker #2] Media renderer was not recognized. Possible identifying HTTP headers:User-Agent: Java/1.8.0_40
DEBUG 2016-01-28 13:12:37.691 [New I/O worker #2] Connection error: java.io.IOException: An existing connection was forcibly closed by the remote host
DEBUG 2016-01-28 13:12:37.691 [New I/O worker #2] Premature end, stopping...
DEBUG 2016-01-28 13:12:37.692 [New I/O worker #2] Connection error: java.io.IOException: An existing connection was forcibly closed by the remote host
DEBUG 2016-01-28 13:12:37.692 [New I/O worker #2] Premature end, stopping...
DEBUG 2016-01-28 13:14:59.124 [UPNP-AliveMessageSender] Sending ALIVE...
DEBUG 2016-01-28 13:14:59.823 [UPNP-AliveMessageSender] Error sending ALIVE message
java.io.IOException: No usable addresses found for UPnP multicast
	at net.pms.network.UPNPHelper.getNewMulticastSocket(UPNPHelper.java:261) ~[ums.jar:5.5.0]
	at net.pms.network.UPNPHelper.sendAlive(UPNPHelper.java:192) ~[ums.jar:5.5.0]
	at net.pms.network.UPNPHelper$1.run(UPNPHelper.java:367) [ums.jar:5.5.0]
	at java.lang.Thread.run(Unknown Source) [na:1.8.0_40]
DEBUG 2016-01-28 13:17:59.823 [UPNP-AliveMessageSender] Sending ALIVE...
DEBUG 2016-01-28 13:18:00.604 [UPNP-AliveMessageSender] Error sending ALIVE message
java.io.IOException: No usable addresses found for UPnP multicast
	at net.pms.network.UPNPHelper.getNewMulticastSocket(UPNPHelper.java:261) ~[ums.jar:5.5.0]
	at net.pms.network.UPNPHelper.sendAlive(UPNPHelper.java:192) ~[ums.jar:5.5.0]
	at net.pms.network.UPNPHelper$1.run(UPNPHelper.java:367) [ums.jar:5.5.0]
	at java.lang.Thread.run(Unknown Source) [na:1.8.0_40]
DEBUG 2016-01-28 13:20:41.481 [New I/O worker #3] Matched media renderer "Unknown renderer" based on address /127.0.0.1
DEBUG 2016-01-28 13:20:41.486 [New I/O worker #3] Finishing configuration for Unknown renderer
DEBUG 2016-01-28 13:20:41.487 [New I/O worker #3] Reading MediaInfo: true (default: false)
DEBUG 2016-01-28 13:20:41.487 [New I/O worker #3] Updating status button for Unknown renderer
DEBUG 2016-01-28 13:20:41.488 [New I/O worker #3] Marking renderer "Unknown renderer" at /127.0.0.1 as unrecognized
INFO  2016-01-28 13:20:41.488 [New I/O worker #3] Media renderer was not recognized. Possible identifying HTTP headers:User-Agent: Java/1.8.0_40
DEBUG 2016-01-28 13:20:44.137 [New I/O worker #3] Connection error: java.io.IOException: An existing connection was forcibly closed by the remote host
DEBUG 2016-01-28 13:20:44.137 [New I/O worker #3] Premature end, stopping...
DEBUG 2016-01-28 13:20:44.139 [New I/O worker #3] Connection error: java.io.IOException: An existing connection was forcibly closed by the remote host
DEBUG 2016-01-28 13:20:44.140 [New I/O worker #3] Premature end, stopping...
DEBUG 2016-01-28 13:21:00.605 [UPNP-AliveMessageSender] Sending ALIVE...
DEBUG 2016-01-28 13:21:01.108 [UPNP-AliveMessageSender] Error sending ALIVE message
java.io.IOException: No usable addresses found for UPnP multicast
	at net.pms.network.UPNPHelper.getNewMulticastSocket(UPNPHelper.java:261) ~[ums.jar:5.5.0]
	at net.pms.network.UPNPHelper.sendAlive(UPNPHelper.java:192) ~[ums.jar:5.5.0]
	at net.pms.network.UPNPHelper$1.run(UPNPHelper.java:367) [ums.jar:5.5.0]
	at java.lang.Thread.run(Unknown Source) [na:1.8.0_40]
DEBUG 2016-01-28 13:24:01.108 [UPNP-AliveMessageSender] Sending ALIVE...
DEBUG 2016-01-28 13:24:01.819 [UPNP-AliveMessageSender] Error sending ALIVE message
java.io.IOException: No usable addresses found for UPnP multicast
	at net.pms.network.UPNPHelper.getNewMulticastSocket(UPNPHelper.java:261) ~[ums.jar:5.5.0]
	at net.pms.network.UPNPHelper.sendAlive(UPNPHelper.java:192) ~[ums.jar:5.5.0]
	at net.pms.network.UPNPHelper$1.run(UPNPHelper.java:367) [ums.jar:5.5.0]
	at java.lang.Thread.run(Unknown Source) [na:1.8.0_40]
DEBUG 2016-01-28 13:27:01.821 [UPNP-AliveMessageSender] Sending ALIVE...
DEBUG 2016-01-28 13:27:02.410 [UPNP-AliveMessageSender] Error sending ALIVE message
java.io.IOException: No usable addresses found for UPnP multicast
	at net.pms.network.UPNPHelper.getNewMulticastSocket(UPNPHelper.java:261) ~[ums.jar:5.5.0]
	at net.pms.network.UPNPHelper.sendAlive(UPNPHelper.java:192) ~[ums.jar:5.5.0]
	at net.pms.network.UPNPHelper$1.run(UPNPHelper.java:367) [ums.jar:5.5.0]
	at java.lang.Thread.run(Unknown Source) [na:1.8.0_40]
DEBUG 2016-01-28 13:30:02.411 [UPNP-AliveMessageSender] Sending ALIVE...
DEBUG 2016-01-28 13:30:03.162 [UPNP-AliveMessageSender] Error sending ALIVE message
java.io.IOException: No usable addresses found for UPnP multicast
	at net.pms.network.UPNPHelper.getNewMulticastSocket(UPNPHelper.java:261) ~[ums.jar:5.5.0]
	at net.pms.network.UPNPHelper.sendAlive(UPNPHelper.java:192) ~[ums.jar:5.5.0]
	at net.pms.network.UPNPHelper$1.run(UPNPHelper.java:367) [ums.jar:5.5.0]
	at java.lang.Thread.run(Unknown Source) [na:1.8.0_40]
DEBUG 2016-01-28 13:33:03.163 [UPNP-AliveMessageSender] Sending ALIVE...
DEBUG 2016-01-28 13:33:03.699 [UPNP-AliveMessageSender] Error sending ALIVE message
java.io.IOException: No usable addresses found for UPnP multicast
	at net.pms.network.UPNPHelper.getNewMulticastSocket(UPNPHelper.java:261) ~[ums.jar:5.5.0]
	at net.pms.network.UPNPHelper.sendAlive(UPNPHelper.java:192) ~[ums.jar:5.5.0]
	at net.pms.network.UPNPHelper$1.run(UPNPHelper.java:367) [ums.jar:5.5.0]
	at java.lang.Thread.run(Unknown Source) [na:1.8.0_40]
DEBUG 2016-01-28 13:36:03.701 [UPNP-AliveMessageSender] Sending ALIVE...
DEBUG 2016-01-28 13:36:04.329 [UPNP-AliveMessageSender] Error sending ALIVE message
java.io.IOException: No usable addresses found for UPnP multicast
	at net.pms.network.UPNPHelper.getNewMulticastSocket(UPNPHelper.java:261) ~[ums.jar:5.5.0]
	at net.pms.network.UPNPHelper.sendAlive(UPNPHelper.java:192) ~[ums.jar:5.5.0]
	at net.pms.network.UPNPHelper$1.run(UPNPHelper.java:367) [ums.jar:5.5.0]
	at java.lang.Thread.run(Unknown Source) [na:1.8.0_40]
DEBUG 2016-01-28 13:37:21.320 [New I/O worker #4] Matched media renderer "Unknown renderer" based on address /127.0.0.1
DEBUG 2016-01-28 13:37:21.321 [New I/O worker #4] Finishing configuration for Unknown renderer
DEBUG 2016-01-28 13:37:21.322 [New I/O worker #4] Reading MediaInfo: true (default: false)
DEBUG 2016-01-28 13:37:21.322 [New I/O worker #4] Updating status button for Unknown renderer
DEBUG 2016-01-28 13:37:21.322 [New I/O worker #4] Marking renderer "Unknown renderer" at /127.0.0.1 as unrecognized
INFO  2016-01-28 13:37:21.322 [New I/O worker #4] Media renderer was not recognized. Possible identifying HTTP headers:User-Agent: Java/1.8.0_40
DEBUG 2016-01-28 13:37:23.023 [New I/O worker #4] Connection error: java.io.IOException: An existing connection was forcibly closed by the remote host
DEBUG 2016-01-28 13:37:23.023 [New I/O worker #4] Premature end, stopping...
DEBUG 2016-01-28 13:37:23.025 [New I/O worker #4] Connection error: java.io.IOException: An existing connection was forcibly closed by the remote host
DEBUG 2016-01-28 13:37:23.025 [New I/O worker #4] Premature end, stopping...
DEBUG 2016-01-28 13:39:04.330 [UPNP-AliveMessageSender] Sending ALIVE...
DEBUG 2016-01-28 13:39:04.980 [UPNP-AliveMessageSender] Error sending ALIVE message
java.io.IOException: No usable addresses found for UPnP multicast
	at net.pms.network.UPNPHelper.getNewMulticastSocket(UPNPHelper.java:261) ~[ums.jar:5.5.0]
	at net.pms.network.UPNPHelper.sendAlive(UPNPHelper.java:192) ~[ums.jar:5.5.0]
	at net.pms.network.UPNPHelper$1.run(UPNPHelper.java:367) [ums.jar:5.5.0]
	at java.lang.Thread.run(Unknown Source) [na:1.8.0_40]
DEBUG 2016-01-28 13:42:04.981 [UPNP-AliveMessageSender] Sending ALIVE...
DEBUG 2016-01-28 13:42:05.699 [UPNP-AliveMessageSender] Error sending ALIVE message
java.io.IOException: No usable addresses found for UPnP multicast
	at net.pms.network.UPNPHelper.getNewMulticastSocket(UPNPHelper.java:261) ~[ums.jar:5.5.0]
	at net.pms.network.UPNPHelper.sendAlive(UPNPHelper.java:192) ~[ums.jar:5.5.0]
	at net.pms.network.UPNPHelper$1.run(UPNPHelper.java:367) [ums.jar:5.5.0]
	at java.lang.Thread.run(Unknown Source) [na:1.8.0_40]
DEBUG 2016-01-28 13:44:37.128 [New I/O worker #5] Matched media renderer "Unknown renderer" based on address /127.0.0.1
DEBUG 2016-01-28 13:44:37.129 [New I/O worker #5] Finishing configuration for Unknown renderer
DEBUG 2016-01-28 13:44:37.130 [New I/O worker #5] Reading MediaInfo: true (default: false)
DEBUG 2016-01-28 13:44:37.130 [New I/O worker #5] Updating status button for Unknown renderer
DEBUG 2016-01-28 13:44:37.130 [New I/O worker #5] Marking renderer "Unknown renderer" at /127.0.0.1 as unrecognized
INFO  2016-01-28 13:44:37.130 [New I/O worker #5] Media renderer was not recognized. Possible identifying HTTP headers:User-Agent: Java/1.8.0_40
DEBUG 2016-01-28 13:44:38.778 [New I/O worker #5] Connection error: java.io.IOException: An existing connection was forcibly closed by the remote host
DEBUG 2016-01-28 13:44:38.778 [New I/O worker #5] Premature end, stopping...
DEBUG 2016-01-28 13:44:38.780 [New I/O worker #5] Connection error: java.io.IOException: An existing connection was forcibly closed by the remote host
DEBUG 2016-01-28 13:44:38.780 [New I/O worker #5] Premature end, stopping...
DEBUG 2016-01-28 13:45:05.699 [UPNP-AliveMessageSender] Sending ALIVE...
DEBUG 2016-01-28 13:45:06.232 [UPNP-AliveMessageSender] Error sending ALIVE message
java.io.IOException: No usable addresses found for UPnP multicast
	at net.pms.network.UPNPHelper.getNewMulticastSocket(UPNPHelper.java:261) ~[ums.jar:5.5.0]
	at net.pms.network.UPNPHelper.sendAlive(UPNPHelper.java:192) ~[ums.jar:5.5.0]
	at net.pms.network.UPNPHelper$1.run(UPNPHelper.java:367) [ums.jar:5.5.0]
	at java.lang.Thread.run(Unknown Source) [na:1.8.0_40]
DEBUG 2016-01-28 13:48:06.234 [UPNP-AliveMessageSender] Sending ALIVE...
DEBUG 2016-01-28 13:48:06.965 [UPNP-AliveMessageSender] Error sending ALIVE message
java.io.IOException: No usable addresses found for UPnP multicast
	at net.pms.network.UPNPHelper.getNewMulticastSocket(UPNPHelper.java:261) ~[ums.jar:5.5.0]
	at net.pms.network.UPNPHelper.sendAlive(UPNPHelper.java:192) ~[ums.jar:5.5.0]
	at net.pms.network.UPNPHelper$1.run(UPNPHelper.java:367) [ums.jar:5.5.0]
	at java.lang.Thread.run(Unknown Source) [na:1.8.0_40]
